{"numFailedTestSuites":1,"numFailedTests":3,"numPassedTestSuites":0,"numPassedTests":1,"numPendingTestSuites":0,"numPendingTests":0,"numRuntimeErrorTestSuites":0,"numTodoTests":0,"numTotalTestSuites":1,"numTotalTests":4,"openHandles":[],"snapshot":{"added":0,"didUpdate":false,"failure":false,"filesAdded":0,"filesRemoved":0,"filesRemovedList":[],"filesUnmatched":0,"filesUpdated":0,"matched":0,"total":0,"unchecked":0,"uncheckedKeysByFile":[],"unmatched":0,"updated":0},"startTime":1772415922156,"success":false,"testResults":[{"assertionResults":[{"ancestorTitles":["Transaction Parser"],"duration":15,"failureDetails":[{"matcherResult":{"actual":"11 Dec 2025 Description: STARBUCKS COFFEE MUMBAI : -420.00 after : 18,420.50","expected":"STARBUCKS COFFEE MUMBAI","message":"expect(received).toBe(expected) // Object.is equality\n\nExpected: \"STARBUCKS COFFEE MUMBAI\"\nReceived: \"11 Dec 2025 Description: STARBUCKS COFFEE MUMBAI : -420.00 after : 18,420.50\"","name":"toBe","pass":false}}],"failureMessages":["Error: expect(received).toBe(expected) // Object.is equality\n\nExpected: \"STARBUCKS COFFEE MUMBAI\"\nReceived: \"11 Dec 2025 Description: STARBUCKS COFFEE MUMBAI : -420.00 after : 18,420.50\"\n    at Object.<anonymous> (C:\\Users\\HP\\Desktop\\vessify-intern-assignment\\backend\\tests\\parser.test.ts:30:36)\n    at Promise.then.completed (C:\\Users\\HP\\Desktop\\vessify-intern-assignment\\node_modules\\jest-circus\\build\\utils.js:298:28)\n    at new Promise (<anonymous>)\n    at callAsyncCircusFn (C:\\Users\\HP\\Desktop\\vessify-intern-assignment\\node_modules\\jest-circus\\build\\utils.js:231:10)\n    at _callCircusTest (C:\\Users\\HP\\Desktop\\vessify-intern-assignment\\node_modules\\jest-circus\\build\\run.js:316:40)\n    at processTicksAndRejections (node:internal/process/task_queues:95:5)\n    at _runTest (C:\\Users\\HP\\Desktop\\vessify-intern-assignment\\node_modules\\jest-circus\\build\\run.js:252:3)\n    at _runTestsForDescribeBlock (C:\\Users\\HP\\Desktop\\vessify-intern-assignment\\node_modules\\jest-circus\\build\\run.js:126:9)\n    at _runTestsForDescribeBlock (C:\\Users\\HP\\Desktop\\vessify-intern-assignment\\node_modules\\jest-circus\\build\\run.js:121:9)\n    at run (C:\\Users\\HP\\Desktop\\vessify-intern-assignment\\node_modules\\jest-circus\\build\\run.js:71:3)\n    at runAndTransformResultsToJestFormat (C:\\Users\\HP\\Desktop\\vessify-intern-assignment\\node_modules\\jest-circus\\build\\legacy-code-todo-rewrite\\jestAdapterInit.js:122:21)\n    at jestAdapter (C:\\Users\\HP\\Desktop\\vessify-intern-assignment\\node_modules\\jest-circus\\build\\legacy-code-todo-rewrite\\jestAdapter.js:79:19)\n    at runTestInternal (C:\\Users\\HP\\Desktop\\vessify-intern-assignment\\node_modules\\jest-runner\\build\\runTest.js:367:16)\n    at runTest (C:\\Users\\HP\\Desktop\\vessify-intern-assignment\\node_modules\\jest-runner\\build\\runTest.js:444:34)"],"fullName":"Transaction Parser Parser handles Sample 1 format correctly (Multi-line)","invocations":1,"location":null,"numPassingAsserts":1,"retryReasons":[],"status":"failed","title":"Parser handles Sample 1 format correctly (Multi-line)"},{"ancestorTitles":["Transaction Parser"],"duration":2,"failureDetails":[{"matcherResult":{"actual":"11 Dec 2025 Description: STARBUCKS COFFEE MUMBAI : -420.00 after : 18,420.50","expected":"STARBUCKS COFFEE MUMBAI","message":"expect(received).toBe(expected) // Object.is equality\n\nExpected: \"STARBUCKS COFFEE MUMBAI\"\nReceived: \"11 Dec 2025 Description: STARBUCKS COFFEE MUMBAI : -420.00 after : 18,420.50\"","name":"toBe","pass":false}}],"failureMessages":["Error: expect(received).toBe(expected) // Object.is equality\n\nExpected: \"STARBUCKS COFFEE MUMBAI\"\nReceived: \"11 Dec 2025 Description: STARBUCKS COFFEE MUMBAI : -420.00 after : 18,420.50\"\n    at Object.<anonymous> (C:\\Users\\HP\\Desktop\\vessify-intern-assignment\\backend\\tests\\parser.test.ts:39:36)\n    at Promise.then.completed (C:\\Users\\HP\\Desktop\\vessify-intern-assignment\\node_modules\\jest-circus\\build\\utils.js:298:28)\n    at new Promise (<anonymous>)\n    at callAsyncCircusFn (C:\\Users\\HP\\Desktop\\vessify-intern-assignment\\node_modules\\jest-circus\\build\\utils.js:231:10)\n    at _callCircusTest (C:\\Users\\HP\\Desktop\\vessify-intern-assignment\\node_modules\\jest-circus\\build\\run.js:316:40)\n    at processTicksAndRejections (node:internal/process/task_queues:95:5)\n    at _runTest (C:\\Users\\HP\\Desktop\\vessify-intern-assignment\\node_modules\\jest-circus\\build\\run.js:252:3)\n    at _runTestsForDescribeBlock (C:\\Users\\HP\\Desktop\\vessify-intern-assignment\\node_modules\\jest-circus\\build\\run.js:126:9)\n    at _runTestsForDescribeBlock (C:\\Users\\HP\\Desktop\\vessify-intern-assignment\\node_modules\\jest-circus\\build\\run.js:121:9)\n    at run (C:\\Users\\HP\\Desktop\\vessify-intern-assignment\\node_modules\\jest-circus\\build\\run.js:71:3)\n    at runAndTransformResultsToJestFormat (C:\\Users\\HP\\Desktop\\vessify-intern-assignment\\node_modules\\jest-circus\\build\\legacy-code-todo-rewrite\\jestAdapterInit.js:122:21)\n    at jestAdapter (C:\\Users\\HP\\Desktop\\vessify-intern-assignment\\node_modules\\jest-circus\\build\\legacy-code-todo-rewrite\\jestAdapter.js:79:19)\n    at runTestInternal (C:\\Users\\HP\\Desktop\\vessify-intern-assignment\\node_modules\\jest-runner\\build\\runTest.js:367:16)\n    at runTest (C:\\Users\\HP\\Desktop\\vessify-intern-assignment\\node_modules\\jest-runner\\build\\runTest.js:444:34)"],"fullName":"Transaction Parser Parser handles Sample 1 format correctly (Single-line)","invocations":1,"location":null,"numPassingAsserts":1,"retryReasons":[],"status":"failed","title":"Parser handles Sample 1 format correctly (Single-line)"},{"ancestorTitles":["Transaction Parser"],"duration":4,"failureDetails":[{"matcherResult":{"actual":"Uber Ride * Airport Drop 12/11/2025 Available","expected":"Uber Ride * Airport Drop","message":"expect(received).toBe(expected) // Object.is equality\n\nExpected: \"Uber Ride * Airport Drop\"\nReceived: \"Uber Ride * Airport Drop 12/11/2025 Available\"","name":"toBe","pass":false}}],"failureMessages":["Error: expect(received).toBe(expected) // Object.is equality\n\nExpected: \"Uber Ride * Airport Drop\"\nReceived: \"Uber Ride * Airport Drop 12/11/2025 Available\"\n    at Object.<anonymous> (C:\\Users\\HP\\Desktop\\vessify-intern-assignment\\backend\\tests\\parser.test.ts:48:36)\n    at Promise.then.completed (C:\\Users\\HP\\Desktop\\vessify-intern-assignment\\node_modules\\jest-circus\\build\\utils.js:298:28)\n    at new Promise (<anonymous>)\n    at callAsyncCircusFn (C:\\Users\\HP\\Desktop\\vessify-intern-assignment\\node_modules\\jest-circus\\build\\utils.js:231:10)\n    at _callCircusTest (C:\\Users\\HP\\Desktop\\vessify-intern-assignment\\node_modules\\jest-circus\\build\\run.js:316:40)\n    at processTicksAndRejections (node:internal/process/task_queues:95:5)\n    at _runTest (C:\\Users\\HP\\Desktop\\vessify-intern-assignment\\node_modules\\jest-circus\\build\\run.js:252:3)\n    at _runTestsForDescribeBlock (C:\\Users\\HP\\Desktop\\vessify-intern-assignment\\node_modules\\jest-circus\\build\\run.js:126:9)\n    at _runTestsForDescribeBlock (C:\\Users\\HP\\Desktop\\vessify-intern-assignment\\node_modules\\jest-circus\\build\\run.js:121:9)\n    at run (C:\\Users\\HP\\Desktop\\vessify-intern-assignment\\node_modules\\jest-circus\\build\\run.js:71:3)\n    at runAndTransformResultsToJestFormat (C:\\Users\\HP\\Desktop\\vessify-intern-assignment\\node_modules\\jest-circus\\build\\legacy-code-todo-rewrite\\jestAdapterInit.js:122:21)\n    at jestAdapter (C:\\Users\\HP\\Desktop\\vessify-intern-assignment\\node_modules\\jest-circus\\build\\legacy-code-todo-rewrite\\jestAdapter.js:79:19)\n    at runTestInternal (C:\\Users\\HP\\Desktop\\vessify-intern-assignment\\node_modules\\jest-runner\\build\\runTest.js:367:16)\n    at runTest (C:\\Users\\HP\\Desktop\\vessify-intern-assignment\\node_modules\\jest-runner\\build\\runTest.js:444:34)"],"fullName":"Transaction Parser Parser handles Sample 2 format correctly","invocations":1,"location":null,"numPassingAsserts":1,"retryReasons":[],"status":"failed","title":"Parser handles Sample 2 format correctly"},{"ancestorTitles":["Transaction Parser"],"duration":1,"failureDetails":[],"failureMessages":[],"fullName":"Transaction Parser Parser handles Sample 3 format correctly","invocations":1,"location":null,"numPassingAsserts":4,"retryReasons":[],"status":"passed","title":"Parser handles Sample 3 format correctly"}],"endTime":1772415928779,"message":"  ??? Transaction Parser ??? Parser handles Sample 1 format correctly (Multi-line)\n\n    expect(received).toBe(expected) // Object.is equality\n\n    Expected: \"STARBUCKS COFFEE MUMBAI\"\n    Received: \"11 Dec 2025 Description: STARBUCKS COFFEE MUMBAI : -420.00 after : 18,420.50\"\n\n    \u001b[0m \u001b[90m 28 |\u001b[39m\n     \u001b[90m 29 |\u001b[39m         expect(result\u001b[33m.\u001b[39mdate\u001b[33m.\u001b[39mgetTime())\u001b[33m.\u001b[39mtoEqual(expectedDateSample1)\u001b[33m;\u001b[39m\n    \u001b[31m\u001b[1m>\u001b[22m\u001b[39m\u001b[90m 30 |\u001b[39m         expect(result\u001b[33m.\u001b[39mdescription)\u001b[33m.\u001b[39mtoBe(\u001b[32m'STARBUCKS COFFEE MUMBAI'\u001b[39m)\u001b[33m;\u001b[39m\n     \u001b[90m    |\u001b[39m                                    \u001b[31m\u001b[1m^\u001b[22m\u001b[39m\n     \u001b[90m 31 |\u001b[39m         expect(result\u001b[33m.\u001b[39mamount)\u001b[33m.\u001b[39mtoBe(\u001b[33m-\u001b[39m\u001b[35m420.00\u001b[39m)\u001b[33m;\u001b[39m\n     \u001b[90m 32 |\u001b[39m         expect(result\u001b[33m.\u001b[39mbalance)\u001b[33m.\u001b[39mtoBe(\u001b[35m18420.50\u001b[39m)\u001b[33m;\u001b[39m\n     \u001b[90m 33 |\u001b[39m     })\u001b[33m;\u001b[39m\u001b[0m\n\n      at Object.<anonymous> (tests/parser.test.ts:30:36)\n\n  ??? Transaction Parser ??? Parser handles Sample 1 format correctly (Single-line)\n\n    expect(received).toBe(expected) // Object.is equality\n\n    Expected: \"STARBUCKS COFFEE MUMBAI\"\n    Received: \"11 Dec 2025 Description: STARBUCKS COFFEE MUMBAI : -420.00 after : 18,420.50\"\n\n    \u001b[0m \u001b[90m 37 |\u001b[39m\n     \u001b[90m 38 |\u001b[39m         expect(result\u001b[33m.\u001b[39mdate\u001b[33m.\u001b[39mgetTime())\u001b[33m.\u001b[39mtoEqual(expectedDateSample1)\u001b[33m;\u001b[39m\n    \u001b[31m\u001b[1m>\u001b[22m\u001b[39m\u001b[90m 39 |\u001b[39m         expect(result\u001b[33m.\u001b[39mdescription)\u001b[33m.\u001b[39mtoBe(\u001b[32m'STARBUCKS COFFEE MUMBAI'\u001b[39m)\u001b[33m;\u001b[39m\n     \u001b[90m    |\u001b[39m                                    \u001b[31m\u001b[1m^\u001b[22m\u001b[39m\n     \u001b[90m 40 |\u001b[39m         expect(result\u001b[33m.\u001b[39mamount)\u001b[33m.\u001b[39mtoBe(\u001b[33m-\u001b[39m\u001b[35m420.00\u001b[39m)\u001b[33m;\u001b[39m\n     \u001b[90m 41 |\u001b[39m         expect(result\u001b[33m.\u001b[39mbalance)\u001b[33m.\u001b[39mtoBe(\u001b[35m18420.50\u001b[39m)\u001b[33m;\u001b[39m\n     \u001b[90m 42 |\u001b[39m     })\u001b[33m;\u001b[39m\u001b[0m\n\n      at Object.<anonymous> (tests/parser.test.ts:39:36)\n\n  ??? Transaction Parser ??? Parser handles Sample 2 format correctly\n\n    expect(received).toBe(expected) // Object.is equality\n\n    Expected: \"Uber Ride * Airport Drop\"\n    Received: \"Uber Ride * Airport Drop 12/11/2025 Available\"\n\n    \u001b[0m \u001b[90m 46 |\u001b[39m\n     \u001b[90m 47 |\u001b[39m         expect(result\u001b[33m.\u001b[39mdate\u001b[33m.\u001b[39mgetTime())\u001b[33m.\u001b[39mtoEqual(expectedDateSample2)\u001b[33m;\u001b[39m\n    \u001b[31m\u001b[1m>\u001b[22m\u001b[39m\u001b[90m 48 |\u001b[39m         expect(result\u001b[33m.\u001b[39mdescription)\u001b[33m.\u001b[39mtoBe(\u001b[32m'Uber Ride * Airport Drop'\u001b[39m)\u001b[33m;\u001b[39m\n     \u001b[90m    |\u001b[39m                                    \u001b[31m\u001b[1m^\u001b[22m\u001b[39m\n     \u001b[90m 49 |\u001b[39m         expect(result\u001b[33m.\u001b[39mamount)\u001b[33m.\u001b[39mtoBe(\u001b[33m-\u001b[39m\u001b[35m1250.00\u001b[39m)\u001b[33m;\u001b[39m \u001b[90m// Debited means negative\u001b[39m\n     \u001b[90m 50 |\u001b[39m         expect(result\u001b[33m.\u001b[39mbalance)\u001b[33m.\u001b[39mtoBe(\u001b[35m17170.50\u001b[39m)\u001b[33m;\u001b[39m\n     \u001b[90m 51 |\u001b[39m     })\u001b[33m;\u001b[39m\u001b[0m\n\n      at Object.<anonymous> (tests/parser.test.ts:48:36)\n","name":"C:\\Users\\HP\\Desktop\\vessify-intern-assignment\\backend\\tests\\parser.test.ts","startTime":1772415922268,"status":"failed","summary":""}],"wasInterrupted":false}
